<?xml version="1.0" encoding="UTF-8"?>
<coverage generated="1749812954364" clover="3.2.0">
  <project timestamp="1749812954364" name="All files">
    <metrics statements="98" coveredstatements="96" conditionals="35" coveredconditionals="30" methods="54" coveredmethods="54" elements="187" coveredelements="180" complexity="0" loc="98" ncloc="98" packages="1" files="2" classes="2"/>
    <file name="schema.js" path="D:\gitHUB\edu-ai-challenge-2025\Task 8\schema.js">
      <metrics statements="15" coveredstatements="15" conditionals="0" coveredconditionals="0" methods="9" coveredmethods="9"/>
      <line num="12" count="1" type="stmt"/>
      <line num="23" count="37" type="stmt"/>
      <line num="28" count="7" type="stmt"/>
      <line num="33" count="3" type="stmt"/>
      <line num="38" count="3" type="stmt"/>
      <line num="44" count="11" type="stmt"/>
      <line num="50" count="8" type="stmt"/>
      <line num="56" count="3" type="stmt"/>
      <line num="62" count="2" type="stmt"/>
      <line num="68" count="2" type="stmt"/>
      <line num="72" count="1" type="stmt"/>
      <line num="79" count="1" type="stmt"/>
      <line num="91" count="1" type="stmt"/>
      <line num="105" count="1" type="stmt"/>
      <line num="107" count="1" type="stmt"/>
    </file>
    <file name="validators.js" path="D:\gitHUB\edu-ai-challenge-2025\Task 8\validators.js">
      <metrics statements="83" coveredstatements="81" conditionals="35" coveredconditionals="30" methods="45" coveredmethods="45"/>
      <line num="15" count="76" type="stmt"/>
      <line num="17" count="76" type="stmt"/>
      <line num="19" count="76" type="stmt"/>
      <line num="28" count="176" type="cond" truecount="3" falsecount="1"/>
      <line num="29" count="0" type="cond" truecount="0" falsecount="2"/>
      <line num="31" count="176" type="stmt"/>
      <line num="32" count="223" type="stmt"/>
      <line num="33" count="223" type="cond" truecount="2" falsecount="0"/>
      <line num="34" count="26" type="cond" truecount="2" falsecount="0"/>
      <line num="37" count="150" type="stmt"/>
      <line num="46" count="3" type="stmt"/>
      <line num="47" count="3" type="stmt"/>
      <line num="55" count="4" type="stmt"/>
      <line num="56" count="4" type="stmt"/>
      <line num="66" count="37" type="stmt"/>
      <line num="68" count="84" type="stmt"/>
      <line num="79" count="6" type="stmt"/>
      <line num="83" count="5" type="stmt"/>
      <line num="91" count="3" type="stmt"/>
      <line num="95" count="2" type="stmt"/>
      <line num="103" count="12" type="stmt"/>
      <line num="107" count="6" type="stmt"/>
      <line num="114" count="1" type="stmt"/>
      <line num="124" count="7" type="stmt"/>
      <line num="126" count="18" type="stmt"/>
      <line num="137" count="7" type="stmt"/>
      <line num="141" count="2" type="stmt"/>
      <line num="149" count="2" type="stmt"/>
      <line num="153" count="1" type="stmt"/>
      <line num="160" count="2" type="stmt"/>
      <line num="164" count="1" type="stmt"/>
      <line num="174" count="3" type="stmt"/>
      <line num="176" count="5" type="stmt"/>
      <line num="189" count="3" type="stmt"/>
      <line num="191" count="3" type="stmt"/>
      <line num="192" count="7" type="stmt"/>
      <line num="193" count="7" type="stmt"/>
      <line num="205" count="2" type="stmt"/>
      <line num="209" count="1" type="stmt"/>
      <line num="217" count="2" type="stmt"/>
      <line num="221" count="1" type="stmt"/>
      <line num="235" count="8" type="stmt"/>
      <line num="236" count="8" type="stmt"/>
      <line num="238" count="20" type="stmt"/>
      <line num="249" count="9" type="stmt"/>
      <line num="253" count="3" type="stmt"/>
      <line num="261" count="2" type="stmt"/>
      <line num="265" count="1" type="stmt"/>
      <line num="273" count="20" type="stmt"/>
      <line num="274" count="20" type="cond" truecount="2" falsecount="0"/>
      <line num="275" count="4" type="stmt"/>
      <line num="277" count="16" type="stmt"/>
      <line num="278" count="24" type="stmt"/>
      <line num="279" count="24" type="cond" truecount="2" falsecount="0"/>
      <line num="280" count="5" type="stmt"/>
      <line num="286" count="11" type="stmt"/>
      <line num="300" count="11" type="stmt"/>
      <line num="301" count="11" type="stmt"/>
      <line num="303" count="27" type="stmt"/>
      <line num="314" count="27" type="stmt"/>
      <line num="315" count="27" type="cond" truecount="1" falsecount="1"/>
      <line num="316" count="0" type="stmt"/>
      <line num="318" count="27" type="stmt"/>
      <line num="319" count="107" type="cond" truecount="4" falsecount="0"/>
      <line num="320" count="2" type="stmt"/>
      <line num="325" count="105" type="cond" truecount="2" falsecount="0"/>
      <line num="326" count="102" type="stmt"/>
      <line num="327" count="102" type="cond" truecount="2" falsecount="0"/>
      <line num="328" count="8" type="stmt"/>
      <line num="335" count="17" type="stmt"/>
      <line num="348" count="3" type="stmt"/>
      <line num="349" count="3" type="stmt"/>
      <line num="350" count="8" type="stmt"/>
      <line num="366" count="2" type="stmt"/>
      <line num="367" count="2" type="stmt"/>
      <line num="375" count="8" type="cond" truecount="2" falsecount="0"/>
      <line num="376" count="2" type="stmt"/>
      <line num="389" count="2" type="stmt"/>
      <line num="390" count="2" type="stmt"/>
      <line num="391" count="7" type="stmt"/>
      <line num="392" count="7" type="cond" truecount="2" falsecount="0"/>
      <line num="393" count="2" type="cond" truecount="1" falsecount="1"/>
      <line num="399" count="1" type="stmt"/>
    </file>
  </project>
</coverage>
