{"D:\\gitHUB\\edu-ai-challenge-2025\\Task 8\\schema.js": {"path":"D:\\gitHUB\\edu-ai-challenge-2025\\Task 8\\schema.js","statementMap":{"0":{"start":{"line":12,"column":4},"end":{"line":12,"column":27}},"1":{"start":{"line":23,"column":20},"end":{"line":23,"column":49}},"2":{"start":{"line":28,"column":20},"end":{"line":28,"column":49}},"3":{"start":{"line":33,"column":21},"end":{"line":33,"column":51}},"4":{"start":{"line":38,"column":18},"end":{"line":38,"column":45}},"5":{"start":{"line":44,"column":26},"end":{"line":44,"column":61}},"6":{"start":{"line":50,"column":32},"end":{"line":50,"column":73}},"7":{"start":{"line":56,"column":25},"end":{"line":56,"column":59}},"8":{"start":{"line":62,"column":35},"end":{"line":62,"column":79}},"9":{"start":{"line":68,"column":22},"end":{"line":68,"column":53}},"10":{"start":{"line":72,"column":22},"end":{"line":77,"column":2}},"11":{"start":{"line":79,"column":19},"end":{"line":88,"column":2}},"12":{"start":{"line":91,"column":17},"end":{"line":103,"column":1}},"13":{"start":{"line":105,"column":15},"end":{"line":105,"column":44}},"14":{"start":{"line":107,"column":0},"end":{"line":107,"column":28}}},"fnMap":{"0":{"name":"(anonymous_0)","decl":{"start":{"line":23,"column":2},"end":{"line":23,"column":3}},"loc":{"start":{"line":23,"column":18},"end":{"line":23,"column":51}},"line":23},"1":{"name":"(anonymous_1)","decl":{"start":{"line":28,"column":2},"end":{"line":28,"column":3}},"loc":{"start":{"line":28,"column":18},"end":{"line":28,"column":51}},"line":28},"2":{"name":"(anonymous_2)","decl":{"start":{"line":33,"column":2},"end":{"line":33,"column":3}},"loc":{"start":{"line":33,"column":19},"end":{"line":33,"column":53}},"line":33},"3":{"name":"(anonymous_3)","decl":{"start":{"line":38,"column":2},"end":{"line":38,"column":3}},"loc":{"start":{"line":38,"column":16},"end":{"line":38,"column":47}},"line":38},"4":{"name":"(anonymous_4)","decl":{"start":{"line":44,"column":2},"end":{"line":44,"column":3}},"loc":{"start":{"line":44,"column":24},"end":{"line":44,"column":63}},"line":44},"5":{"name":"(anonymous_5)","decl":{"start":{"line":50,"column":2},"end":{"line":50,"column":3}},"loc":{"start":{"line":50,"column":30},"end":{"line":50,"column":75}},"line":50},"6":{"name":"(anonymous_6)","decl":{"start":{"line":56,"column":2},"end":{"line":56,"column":3}},"loc":{"start":{"line":56,"column":23},"end":{"line":56,"column":61}},"line":56},"7":{"name":"(anonymous_7)","decl":{"start":{"line":62,"column":2},"end":{"line":62,"column":3}},"loc":{"start":{"line":62,"column":33},"end":{"line":62,"column":81}},"line":62},"8":{"name":"(anonymous_8)","decl":{"start":{"line":68,"column":2},"end":{"line":68,"column":3}},"loc":{"start":{"line":68,"column":20},"end":{"line":68,"column":55}},"line":68}},"branchMap":{},"s":{"0":1,"1":37,"2":7,"3":3,"4":3,"5":11,"6":8,"7":3,"8":2,"9":2,"10":1,"11":1,"12":1,"13":1,"14":1},"f":{"0":37,"1":7,"2":3,"3":3,"4":11,"5":8,"6":3,"7":2,"8":2},"b":{},"_coverageSchema":"1a1c01bbd47fc00a2c39e90264f33305004495a9","hash":"bba5085c66f07d37bc8868cb7d369ca67951cfd0"}
,"D:\\gitHUB\\edu-ai-challenge-2025\\Task 8\\validators.js": {"path":"D:\\gitHUB\\edu-ai-challenge-2025\\Task 8\\validators.js","statementMap":{"0":{"start":{"line":15,"column":4},"end":{"line":15,"column":26}},"1":{"start":{"line":17,"column":4},"end":{"line":17,"column":29}},"2":{"start":{"line":19,"column":4},"end":{"line":19,"column":32}},"3":{"start":{"line":28,"column":4},"end":{"line":30,"column":5}},"4":{"start":{"line":29,"column":6},"end":{"line":29,"column":102}},"5":{"start":{"line":31,"column":4},"end":{"line":36,"column":5}},"6":{"start":{"line":32,"column":21},"end":{"line":32,"column":38}},"7":{"start":{"line":33,"column":6},"end":{"line":35,"column":7}},"8":{"start":{"line":34,"column":8},"end":{"line":34,"column":76}},"9":{"start":{"line":37,"column":4},"end":{"line":37,"column":29}},"10":{"start":{"line":46,"column":4},"end":{"line":46,"column":32}},"11":{"start":{"line":47,"column":4},"end":{"line":47,"column":16}},"12":{"start":{"line":55,"column":4},"end":{"line":55,"column":31}},"13":{"start":{"line":56,"column":4},"end":{"line":56,"column":16}},"14":{"start":{"line":66,"column":4},"end":{"line":66,"column":12}},"15":{"start":{"line":68,"column":4},"end":{"line":71,"column":8}},"16":{"start":{"line":68,"column":38},"end":{"line":71,"column":5}},"17":{"start":{"line":79,"column":4},"end":{"line":82,"column":8}},"18":{"start":{"line":79,"column":38},"end":{"line":82,"column":5}},"19":{"start":{"line":83,"column":4},"end":{"line":83,"column":16}},"20":{"start":{"line":91,"column":4},"end":{"line":94,"column":8}},"21":{"start":{"line":91,"column":38},"end":{"line":94,"column":5}},"22":{"start":{"line":95,"column":4},"end":{"line":95,"column":16}},"23":{"start":{"line":103,"column":4},"end":{"line":106,"column":8}},"24":{"start":{"line":103,"column":38},"end":{"line":106,"column":5}},"25":{"start":{"line":107,"column":4},"end":{"line":107,"column":16}},"26":{"start":{"line":114,"column":4},"end":{"line":114,"column":54}},"27":{"start":{"line":124,"column":4},"end":{"line":124,"column":12}},"28":{"start":{"line":126,"column":4},"end":{"line":129,"column":8}},"29":{"start":{"line":126,"column":38},"end":{"line":129,"column":5}},"30":{"start":{"line":137,"column":4},"end":{"line":140,"column":8}},"31":{"start":{"line":137,"column":38},"end":{"line":140,"column":5}},"32":{"start":{"line":141,"column":4},"end":{"line":141,"column":16}},"33":{"start":{"line":149,"column":4},"end":{"line":152,"column":8}},"34":{"start":{"line":149,"column":38},"end":{"line":152,"column":5}},"35":{"start":{"line":153,"column":4},"end":{"line":153,"column":16}},"36":{"start":{"line":160,"column":4},"end":{"line":163,"column":8}},"37":{"start":{"line":160,"column":38},"end":{"line":163,"column":5}},"38":{"start":{"line":164,"column":4},"end":{"line":164,"column":16}},"39":{"start":{"line":174,"column":4},"end":{"line":174,"column":12}},"40":{"start":{"line":176,"column":4},"end":{"line":179,"column":8}},"41":{"start":{"line":176,"column":38},"end":{"line":179,"column":5}},"42":{"start":{"line":189,"column":4},"end":{"line":189,"column":12}},"43":{"start":{"line":191,"column":4},"end":{"line":197,"column":7}},"44":{"start":{"line":192,"column":19},"end":{"line":192,"column":34}},"45":{"start":{"line":193,"column":6},"end":{"line":196,"column":8}},"46":{"start":{"line":205,"column":4},"end":{"line":208,"column":8}},"47":{"start":{"line":205,"column":38},"end":{"line":208,"column":5}},"48":{"start":{"line":209,"column":4},"end":{"line":209,"column":16}},"49":{"start":{"line":217,"column":4},"end":{"line":220,"column":8}},"50":{"start":{"line":217,"column":38},"end":{"line":220,"column":5}},"51":{"start":{"line":221,"column":4},"end":{"line":221,"column":16}},"52":{"start":{"line":235,"column":4},"end":{"line":235,"column":12}},"53":{"start":{"line":236,"column":4},"end":{"line":236,"column":39}},"54":{"start":{"line":238,"column":4},"end":{"line":241,"column":8}},"55":{"start":{"line":238,"column":38},"end":{"line":241,"column":5}},"56":{"start":{"line":249,"column":4},"end":{"line":252,"column":8}},"57":{"start":{"line":249,"column":38},"end":{"line":252,"column":5}},"58":{"start":{"line":253,"column":4},"end":{"line":253,"column":16}},"59":{"start":{"line":261,"column":4},"end":{"line":264,"column":8}},"60":{"start":{"line":261,"column":38},"end":{"line":264,"column":5}},"61":{"start":{"line":265,"column":4},"end":{"line":265,"column":16}},"62":{"start":{"line":273,"column":24},"end":{"line":273,"column":45}},"63":{"start":{"line":274,"column":4},"end":{"line":276,"column":5}},"64":{"start":{"line":275,"column":6},"end":{"line":275,"column":25}},"65":{"start":{"line":277,"column":4},"end":{"line":285,"column":5}},"66":{"start":{"line":277,"column":17},"end":{"line":277,"column":18}},"67":{"start":{"line":278,"column":25},"end":{"line":278,"column":62}},"68":{"start":{"line":279,"column":6},"end":{"line":284,"column":7}},"69":{"start":{"line":280,"column":8},"end":{"line":283,"column":10}},"70":{"start":{"line":286,"column":4},"end":{"line":286,"column":29}},"71":{"start":{"line":300,"column":4},"end":{"line":300,"column":12}},"72":{"start":{"line":301,"column":4},"end":{"line":301,"column":25}},"73":{"start":{"line":303,"column":4},"end":{"line":306,"column":8}},"74":{"start":{"line":303,"column":38},"end":{"line":306,"column":5}},"75":{"start":{"line":314,"column":25},"end":{"line":314,"column":46}},"76":{"start":{"line":315,"column":4},"end":{"line":317,"column":5}},"77":{"start":{"line":316,"column":6},"end":{"line":316,"column":26}},"78":{"start":{"line":318,"column":4},"end":{"line":334,"column":5}},"79":{"start":{"line":319,"column":6},"end":{"line":324,"column":7}},"80":{"start":{"line":320,"column":8},"end":{"line":323,"column":10}},"81":{"start":{"line":325,"column":6},"end":{"line":333,"column":7}},"82":{"start":{"line":326,"column":28},"end":{"line":326,"column":58}},"83":{"start":{"line":327,"column":8},"end":{"line":332,"column":9}},"84":{"start":{"line":328,"column":10},"end":{"line":331,"column":12}},"85":{"start":{"line":335,"column":4},"end":{"line":335,"column":29}},"86":{"start":{"line":348,"column":4},"end":{"line":348,"column":12}},"87":{"start":{"line":349,"column":4},"end":{"line":349,"column":27}},"88":{"start":{"line":350,"column":4},"end":{"line":353,"column":8}},"89":{"start":{"line":350,"column":38},"end":{"line":353,"column":5}},"90":{"start":{"line":366,"column":4},"end":{"line":366,"column":12}},"91":{"start":{"line":367,"column":4},"end":{"line":367,"column":39}},"92":{"start":{"line":375,"column":4},"end":{"line":375,"column":49}},"93":{"start":{"line":375,"column":24},"end":{"line":375,"column":49}},"94":{"start":{"line":376,"column":4},"end":{"line":376,"column":46}},"95":{"start":{"line":389,"column":4},"end":{"line":389,"column":12}},"96":{"start":{"line":390,"column":4},"end":{"line":394,"column":7}},"97":{"start":{"line":391,"column":18},"end":{"line":391,"column":27}},"98":{"start":{"line":392,"column":6},"end":{"line":392,"column":49}},"99":{"start":{"line":392,"column":24},"end":{"line":392,"column":49}},"100":{"start":{"line":393,"column":6},"end":{"line":393,"column":99}},"101":{"start":{"line":399,"column":0},"end":{"line":410,"column":2}}},"fnMap":{"0":{"name":"(anonymous_0)","decl":{"start":{"line":13,"column":2},"end":{"line":13,"column":3}},"loc":{"start":{"line":13,"column":16},"end":{"line":20,"column":3}},"line":13},"1":{"name":"(anonymous_1)","decl":{"start":{"line":27,"column":2},"end":{"line":27,"column":3}},"loc":{"start":{"line":27,"column":18},"end":{"line":38,"column":3}},"line":27},"2":{"name":"(anonymous_2)","decl":{"start":{"line":45,"column":2},"end":{"line":45,"column":3}},"loc":{"start":{"line":45,"column":23},"end":{"line":48,"column":3}},"line":45},"3":{"name":"(anonymous_3)","decl":{"start":{"line":54,"column":2},"end":{"line":54,"column":3}},"loc":{"start":{"line":54,"column":13},"end":{"line":57,"column":3}},"line":54},"4":{"name":"(anonymous_4)","decl":{"start":{"line":65,"column":2},"end":{"line":65,"column":3}},"loc":{"start":{"line":65,"column":16},"end":{"line":72,"column":3}},"line":65},"5":{"name":"(anonymous_5)","decl":{"start":{"line":68,"column":26},"end":{"line":68,"column":27}},"loc":{"start":{"line":68,"column":38},"end":{"line":71,"column":5}},"line":68},"6":{"name":"(anonymous_6)","decl":{"start":{"line":78,"column":2},"end":{"line":78,"column":3}},"loc":{"start":{"line":78,"column":20},"end":{"line":84,"column":3}},"line":78},"7":{"name":"(anonymous_7)","decl":{"start":{"line":79,"column":26},"end":{"line":79,"column":27}},"loc":{"start":{"line":79,"column":38},"end":{"line":82,"column":5}},"line":79},"8":{"name":"(anonymous_8)","decl":{"start":{"line":90,"column":2},"end":{"line":90,"column":3}},"loc":{"start":{"line":90,"column":20},"end":{"line":96,"column":3}},"line":90},"9":{"name":"(anonymous_9)","decl":{"start":{"line":91,"column":26},"end":{"line":91,"column":27}},"loc":{"start":{"line":91,"column":38},"end":{"line":94,"column":5}},"line":91},"10":{"name":"(anonymous_10)","decl":{"start":{"line":102,"column":2},"end":{"line":102,"column":3}},"loc":{"start":{"line":102,"column":17},"end":{"line":108,"column":3}},"line":102},"11":{"name":"(anonymous_11)","decl":{"start":{"line":103,"column":26},"end":{"line":103,"column":27}},"loc":{"start":{"line":103,"column":38},"end":{"line":106,"column":5}},"line":103},"12":{"name":"(anonymous_12)","decl":{"start":{"line":113,"column":2},"end":{"line":113,"column":3}},"loc":{"start":{"line":113,"column":10},"end":{"line":115,"column":3}},"line":113},"13":{"name":"(anonymous_13)","decl":{"start":{"line":123,"column":2},"end":{"line":123,"column":3}},"loc":{"start":{"line":123,"column":16},"end":{"line":130,"column":3}},"line":123},"14":{"name":"(anonymous_14)","decl":{"start":{"line":126,"column":26},"end":{"line":126,"column":27}},"loc":{"start":{"line":126,"column":38},"end":{"line":129,"column":5}},"line":126},"15":{"name":"(anonymous_15)","decl":{"start":{"line":136,"column":2},"end":{"line":136,"column":3}},"loc":{"start":{"line":136,"column":11},"end":{"line":142,"column":3}},"line":136},"16":{"name":"(anonymous_16)","decl":{"start":{"line":137,"column":26},"end":{"line":137,"column":27}},"loc":{"start":{"line":137,"column":38},"end":{"line":140,"column":5}},"line":137},"17":{"name":"(anonymous_17)","decl":{"start":{"line":148,"column":2},"end":{"line":148,"column":3}},"loc":{"start":{"line":148,"column":11},"end":{"line":154,"column":3}},"line":148},"18":{"name":"(anonymous_18)","decl":{"start":{"line":149,"column":26},"end":{"line":149,"column":27}},"loc":{"start":{"line":149,"column":38},"end":{"line":152,"column":5}},"line":149},"19":{"name":"(anonymous_19)","decl":{"start":{"line":159,"column":2},"end":{"line":159,"column":3}},"loc":{"start":{"line":159,"column":12},"end":{"line":165,"column":3}},"line":159},"20":{"name":"(anonymous_20)","decl":{"start":{"line":160,"column":26},"end":{"line":160,"column":27}},"loc":{"start":{"line":160,"column":38},"end":{"line":163,"column":5}},"line":160},"21":{"name":"(anonymous_21)","decl":{"start":{"line":173,"column":2},"end":{"line":173,"column":3}},"loc":{"start":{"line":173,"column":16},"end":{"line":180,"column":3}},"line":173},"22":{"name":"(anonymous_22)","decl":{"start":{"line":176,"column":26},"end":{"line":176,"column":27}},"loc":{"start":{"line":176,"column":38},"end":{"line":179,"column":5}},"line":176},"23":{"name":"(anonymous_23)","decl":{"start":{"line":188,"column":2},"end":{"line":188,"column":3}},"loc":{"start":{"line":188,"column":16},"end":{"line":198,"column":3}},"line":188},"24":{"name":"(anonymous_24)","decl":{"start":{"line":191,"column":26},"end":{"line":191,"column":27}},"loc":{"start":{"line":191,"column":37},"end":{"line":197,"column":5}},"line":191},"25":{"name":"(anonymous_25)","decl":{"start":{"line":204,"column":2},"end":{"line":204,"column":3}},"loc":{"start":{"line":204,"column":15},"end":{"line":210,"column":3}},"line":204},"26":{"name":"(anonymous_26)","decl":{"start":{"line":205,"column":26},"end":{"line":205,"column":27}},"loc":{"start":{"line":205,"column":38},"end":{"line":208,"column":5}},"line":205},"27":{"name":"(anonymous_27)","decl":{"start":{"line":216,"column":2},"end":{"line":216,"column":3}},"loc":{"start":{"line":216,"column":15},"end":{"line":222,"column":3}},"line":216},"28":{"name":"(anonymous_28)","decl":{"start":{"line":217,"column":26},"end":{"line":217,"column":27}},"loc":{"start":{"line":217,"column":38},"end":{"line":220,"column":5}},"line":217},"29":{"name":"(anonymous_29)","decl":{"start":{"line":234,"column":2},"end":{"line":234,"column":3}},"loc":{"start":{"line":234,"column":29},"end":{"line":242,"column":3}},"line":234},"30":{"name":"(anonymous_30)","decl":{"start":{"line":238,"column":26},"end":{"line":238,"column":27}},"loc":{"start":{"line":238,"column":38},"end":{"line":241,"column":5}},"line":238},"31":{"name":"(anonymous_31)","decl":{"start":{"line":248,"column":2},"end":{"line":248,"column":3}},"loc":{"start":{"line":248,"column":20},"end":{"line":254,"column":3}},"line":248},"32":{"name":"(anonymous_32)","decl":{"start":{"line":249,"column":26},"end":{"line":249,"column":27}},"loc":{"start":{"line":249,"column":38},"end":{"line":252,"column":5}},"line":249},"33":{"name":"(anonymous_33)","decl":{"start":{"line":260,"column":2},"end":{"line":260,"column":3}},"loc":{"start":{"line":260,"column":20},"end":{"line":266,"column":3}},"line":260},"34":{"name":"(anonymous_34)","decl":{"start":{"line":261,"column":26},"end":{"line":261,"column":27}},"loc":{"start":{"line":261,"column":38},"end":{"line":264,"column":5}},"line":261},"35":{"name":"(anonymous_35)","decl":{"start":{"line":272,"column":2},"end":{"line":272,"column":3}},"loc":{"start":{"line":272,"column":18},"end":{"line":287,"column":3}},"line":272},"36":{"name":"(anonymous_36)","decl":{"start":{"line":299,"column":2},"end":{"line":299,"column":3}},"loc":{"start":{"line":299,"column":22},"end":{"line":307,"column":3}},"line":299},"37":{"name":"(anonymous_37)","decl":{"start":{"line":303,"column":26},"end":{"line":303,"column":27}},"loc":{"start":{"line":303,"column":38},"end":{"line":306,"column":5}},"line":303},"38":{"name":"(anonymous_38)","decl":{"start":{"line":313,"column":2},"end":{"line":313,"column":3}},"loc":{"start":{"line":313,"column":18},"end":{"line":336,"column":3}},"line":313},"39":{"name":"(anonymous_39)","decl":{"start":{"line":347,"column":2},"end":{"line":347,"column":3}},"loc":{"start":{"line":347,"column":23},"end":{"line":354,"column":3}},"line":347},"40":{"name":"(anonymous_40)","decl":{"start":{"line":350,"column":26},"end":{"line":350,"column":27}},"loc":{"start":{"line":350,"column":38},"end":{"line":353,"column":5}},"line":350},"41":{"name":"(anonymous_41)","decl":{"start":{"line":365,"column":2},"end":{"line":365,"column":3}},"loc":{"start":{"line":365,"column":29},"end":{"line":368,"column":3}},"line":365},"42":{"name":"(anonymous_42)","decl":{"start":{"line":374,"column":2},"end":{"line":374,"column":3}},"loc":{"start":{"line":374,"column":18},"end":{"line":377,"column":3}},"line":374},"43":{"name":"(anonymous_43)","decl":{"start":{"line":388,"column":2},"end":{"line":388,"column":3}},"loc":{"start":{"line":388,"column":18},"end":{"line":395,"column":3}},"line":388},"44":{"name":"(anonymous_44)","decl":{"start":{"line":390,"column":26},"end":{"line":390,"column":27}},"loc":{"start":{"line":390,"column":37},"end":{"line":394,"column":5}},"line":390}},"branchMap":{"0":{"loc":{"start":{"line":28,"column":4},"end":{"line":30,"column":5}},"type":"if","locations":[{"start":{"line":28,"column":4},"end":{"line":30,"column":5}},{"start":{},"end":{}}],"line":28},"1":{"loc":{"start":{"line":28,"column":8},"end":{"line":28,"column":45}},"type":"binary-expr","locations":[{"start":{"line":28,"column":8},"end":{"line":28,"column":27}},{"start":{"line":28,"column":31},"end":{"line":28,"column":45}}],"line":28},"2":{"loc":{"start":{"line":29,"column":13},"end":{"line":29,"column":101}},"type":"cond-expr","locations":[{"start":{"line":29,"column":35},"end":{"line":29,"column":52}},{"start":{"line":29,"column":55},"end":{"line":29,"column":101}}],"line":29},"3":{"loc":{"start":{"line":33,"column":6},"end":{"line":35,"column":7}},"type":"if","locations":[{"start":{"line":33,"column":6},"end":{"line":35,"column":7}},{"start":{},"end":{}}],"line":33},"4":{"loc":{"start":{"line":34,"column":40},"end":{"line":34,"column":73}},"type":"binary-expr","locations":[{"start":{"line":34,"column":40},"end":{"line":34,"column":57}},{"start":{"line":34,"column":61},"end":{"line":34,"column":73}}],"line":34},"5":{"loc":{"start":{"line":127,"column":15},"end":{"line":127,"column":57}},"type":"binary-expr","locations":[{"start":{"line":127,"column":15},"end":{"line":127,"column":40}},{"start":{"line":127,"column":44},"end":{"line":127,"column":57}}],"line":127},"6":{"loc":{"start":{"line":274,"column":4},"end":{"line":276,"column":5}},"type":"if","locations":[{"start":{"line":274,"column":4},"end":{"line":276,"column":5}},{"start":{},"end":{}}],"line":274},"7":{"loc":{"start":{"line":279,"column":6},"end":{"line":284,"column":7}},"type":"if","locations":[{"start":{"line":279,"column":6},"end":{"line":284,"column":7}},{"start":{},"end":{}}],"line":279},"8":{"loc":{"start":{"line":304,"column":15},"end":{"line":304,"column":83}},"type":"binary-expr","locations":[{"start":{"line":304,"column":15},"end":{"line":304,"column":40}},{"start":{"line":304,"column":44},"end":{"line":304,"column":58}},{"start":{"line":304,"column":62},"end":{"line":304,"column":83}}],"line":304},"9":{"loc":{"start":{"line":315,"column":4},"end":{"line":317,"column":5}},"type":"if","locations":[{"start":{"line":315,"column":4},"end":{"line":317,"column":5}},{"start":{},"end":{}}],"line":315},"10":{"loc":{"start":{"line":319,"column":6},"end":{"line":324,"column":7}},"type":"if","locations":[{"start":{"line":319,"column":6},"end":{"line":324,"column":7}},{"start":{},"end":{}}],"line":319},"11":{"loc":{"start":{"line":319,"column":10},"end":{"line":319,"column":54}},"type":"binary-expr","locations":[{"start":{"line":319,"column":10},"end":{"line":319,"column":25}},{"start":{"line":319,"column":29},"end":{"line":319,"column":54}}],"line":319},"12":{"loc":{"start":{"line":325,"column":6},"end":{"line":333,"column":7}},"type":"if","locations":[{"start":{"line":325,"column":6},"end":{"line":333,"column":7}},{"start":{},"end":{}}],"line":325},"13":{"loc":{"start":{"line":327,"column":8},"end":{"line":332,"column":9}},"type":"if","locations":[{"start":{"line":327,"column":8},"end":{"line":332,"column":9}},{"start":{},"end":{}}],"line":327},"14":{"loc":{"start":{"line":375,"column":4},"end":{"line":375,"column":49}},"type":"if","locations":[{"start":{"line":375,"column":4},"end":{"line":375,"column":49}},{"start":{},"end":{}}],"line":375},"15":{"loc":{"start":{"line":392,"column":6},"end":{"line":392,"column":49}},"type":"if","locations":[{"start":{"line":392,"column":6},"end":{"line":392,"column":49}},{"start":{},"end":{}}],"line":392},"16":{"loc":{"start":{"line":393,"column":38},"end":{"line":393,"column":96}},"type":"cond-expr","locations":[{"start":{"line":393,"column":64},"end":{"line":393,"column":67}},{"start":{"line":393,"column":70},"end":{"line":393,"column":96}}],"line":393}},"s":{"0":76,"1":76,"2":76,"3":176,"4":0,"5":176,"6":223,"7":223,"8":26,"9":150,"10":3,"11":3,"12":4,"13":4,"14":37,"15":37,"16":84,"17":5,"18":6,"19":5,"20":2,"21":3,"22":2,"23":6,"24":12,"25":6,"26":1,"27":7,"28":7,"29":18,"30":2,"31":7,"32":2,"33":1,"34":2,"35":1,"36":1,"37":2,"38":1,"39":3,"40":3,"41":5,"42":3,"43":3,"44":7,"45":7,"46":1,"47":2,"48":1,"49":1,"50":2,"51":1,"52":8,"53":8,"54":8,"55":20,"56":3,"57":9,"58":3,"59":1,"60":2,"61":1,"62":20,"63":20,"64":4,"65":16,"66":16,"67":24,"68":24,"69":5,"70":11,"71":11,"72":11,"73":11,"74":27,"75":27,"76":27,"77":0,"78":27,"79":107,"80":2,"81":105,"82":102,"83":102,"84":8,"85":17,"86":3,"87":3,"88":3,"89":8,"90":2,"91":2,"92":8,"93":6,"94":2,"95":2,"96":2,"97":7,"98":7,"99":5,"100":2,"101":1},"f":{"0":76,"1":176,"2":3,"3":4,"4":37,"5":84,"6":5,"7":6,"8":2,"9":3,"10":6,"11":12,"12":1,"13":7,"14":18,"15":2,"16":7,"17":1,"18":2,"19":1,"20":2,"21":3,"22":5,"23":3,"24":7,"25":1,"26":2,"27":1,"28":2,"29":8,"30":20,"31":3,"32":9,"33":1,"34":2,"35":20,"36":11,"37":27,"38":27,"39":3,"40":8,"41":2,"42":8,"43":2,"44":7},"b":{"0":[0,176],"1":[176,176],"2":[0,0],"3":[26,197],"4":[26,25],"5":[18,16],"6":[4,16],"7":[5,19],"8":[27,27,27],"9":[0,27],"10":[2,105],"11":[107,5],"12":[102,3],"13":[8,94],"14":[6,2],"15":[5,2],"16":[2,0]},"_coverageSchema":"1a1c01bbd47fc00a2c39e90264f33305004495a9","hash":"d34662ce51510f14d60a57535809b6d74c5185fb"}
}
