TN:
SF:schema.js
FN:23,(anonymous_0)
FN:28,(anonymous_1)
FN:33,(anonymous_2)
FN:38,(anonymous_3)
FN:44,(anonymous_4)
FN:50,(anonymous_5)
FN:56,(anonymous_6)
FN:62,(anonymous_7)
FN:68,(anonymous_8)
FNF:9
FNH:9
FNDA:37,(anonymous_0)
FNDA:7,(anonymous_1)
FNDA:3,(anonymous_2)
FNDA:3,(anonymous_3)
FNDA:11,(anonymous_4)
FNDA:8,(anonymous_5)
FNDA:3,(anonymous_6)
FNDA:2,(anonymous_7)
FNDA:2,(anonymous_8)
DA:12,1
DA:23,37
DA:28,7
DA:33,3
DA:38,3
DA:44,11
DA:50,8
DA:56,3
DA:62,2
DA:68,2
DA:72,1
DA:79,1
DA:91,1
DA:105,1
DA:107,1
LF:15
LH:15
BRF:0
BRH:0
end_of_record
TN:
SF:validators.js
FN:13,(anonymous_0)
FN:27,(anonymous_1)
FN:45,(anonymous_2)
FN:54,(anonymous_3)
FN:65,(anonymous_4)
FN:68,(anonymous_5)
FN:78,(anonymous_6)
FN:79,(anonymous_7)
FN:90,(anonymous_8)
FN:91,(anonymous_9)
FN:102,(anonymous_10)
FN:103,(anonymous_11)
FN:113,(anonymous_12)
FN:123,(anonymous_13)
FN:126,(anonymous_14)
FN:136,(anonymous_15)
FN:137,(anonymous_16)
FN:148,(anonymous_17)
FN:149,(anonymous_18)
FN:159,(anonymous_19)
FN:160,(anonymous_20)
FN:173,(anonymous_21)
FN:176,(anonymous_22)
FN:188,(anonymous_23)
FN:191,(anonymous_24)
FN:204,(anonymous_25)
FN:205,(anonymous_26)
FN:216,(anonymous_27)
FN:217,(anonymous_28)
FN:234,(anonymous_29)
FN:238,(anonymous_30)
FN:248,(anonymous_31)
FN:249,(anonymous_32)
FN:260,(anonymous_33)
FN:261,(anonymous_34)
FN:272,(anonymous_35)
FN:299,(anonymous_36)
FN:303,(anonymous_37)
FN:313,(anonymous_38)
FN:347,(anonymous_39)
FN:350,(anonymous_40)
FN:365,(anonymous_41)
FN:374,(anonymous_42)
FN:388,(anonymous_43)
FN:390,(anonymous_44)
FNF:45
FNH:45
FNDA:76,(anonymous_0)
FNDA:176,(anonymous_1)
FNDA:3,(anonymous_2)
FNDA:4,(anonymous_3)
FNDA:37,(anonymous_4)
FNDA:84,(anonymous_5)
FNDA:5,(anonymous_6)
FNDA:6,(anonymous_7)
FNDA:2,(anonymous_8)
FNDA:3,(anonymous_9)
FNDA:6,(anonymous_10)
FNDA:12,(anonymous_11)
FNDA:1,(anonymous_12)
FNDA:7,(anonymous_13)
FNDA:18,(anonymous_14)
FNDA:2,(anonymous_15)
FNDA:7,(anonymous_16)
FNDA:1,(anonymous_17)
FNDA:2,(anonymous_18)
FNDA:1,(anonymous_19)
FNDA:2,(anonymous_20)
FNDA:3,(anonymous_21)
FNDA:5,(anonymous_22)
FNDA:3,(anonymous_23)
FNDA:7,(anonymous_24)
FNDA:1,(anonymous_25)
FNDA:2,(anonymous_26)
FNDA:1,(anonymous_27)
FNDA:2,(anonymous_28)
FNDA:8,(anonymous_29)
FNDA:20,(anonymous_30)
FNDA:3,(anonymous_31)
FNDA:9,(anonymous_32)
FNDA:1,(anonymous_33)
FNDA:2,(anonymous_34)
FNDA:20,(anonymous_35)
FNDA:11,(anonymous_36)
FNDA:27,(anonymous_37)
FNDA:27,(anonymous_38)
FNDA:3,(anonymous_39)
FNDA:8,(anonymous_40)
FNDA:2,(anonymous_41)
FNDA:8,(anonymous_42)
FNDA:2,(anonymous_43)
FNDA:7,(anonymous_44)
DA:15,76
DA:17,76
DA:19,76
DA:28,176
DA:29,0
DA:31,176
DA:32,223
DA:33,223
DA:34,26
DA:37,150
DA:46,3
DA:47,3
DA:55,4
DA:56,4
DA:66,37
DA:68,84
DA:79,6
DA:83,5
DA:91,3
DA:95,2
DA:103,12
DA:107,6
DA:114,1
DA:124,7
DA:126,18
DA:137,7
DA:141,2
DA:149,2
DA:153,1
DA:160,2
DA:164,1
DA:174,3
DA:176,5
DA:189,3
DA:191,3
DA:192,7
DA:193,7
DA:205,2
DA:209,1
DA:217,2
DA:221,1
DA:235,8
DA:236,8
DA:238,20
DA:249,9
DA:253,3
DA:261,2
DA:265,1
DA:273,20
DA:274,20
DA:275,4
DA:277,16
DA:278,24
DA:279,24
DA:280,5
DA:286,11
DA:300,11
DA:301,11
DA:303,27
DA:314,27
DA:315,27
DA:316,0
DA:318,27
DA:319,107
DA:320,2
DA:325,105
DA:326,102
DA:327,102
DA:328,8
DA:335,17
DA:348,3
DA:349,3
DA:350,8
DA:366,2
DA:367,2
DA:375,8
DA:376,2
DA:389,2
DA:390,2
DA:391,7
DA:392,7
DA:393,2
DA:399,1
LF:83
LH:81
BRDA:28,0,0,0
BRDA:28,0,1,176
BRDA:28,1,0,176
BRDA:28,1,1,176
BRDA:29,2,0,0
BRDA:29,2,1,0
BRDA:33,3,0,26
BRDA:33,3,1,197
BRDA:34,4,0,26
BRDA:34,4,1,25
BRDA:127,5,0,18
BRDA:127,5,1,16
BRDA:274,6,0,4
BRDA:274,6,1,16
BRDA:279,7,0,5
BRDA:279,7,1,19
BRDA:304,8,0,27
BRDA:304,8,1,27
BRDA:304,8,2,27
BRDA:315,9,0,0
BRDA:315,9,1,27
BRDA:319,10,0,2
BRDA:319,10,1,105
BRDA:319,11,0,107
BRDA:319,11,1,5
BRDA:325,12,0,102
BRDA:325,12,1,3
BRDA:327,13,0,8
BRDA:327,13,1,94
BRDA:375,14,0,6
BRDA:375,14,1,2
BRDA:392,15,0,5
BRDA:392,15,1,2
BRDA:393,16,0,2
BRDA:393,16,1,0
BRF:35
BRH:30
end_of_record
